2025-12-04 13:38:43,624 - INFO - Запуск приложения E-commerce
2025-12-04 13:38:43,662 - INFO - Успешное подключение к БД ecommerce на хосте postgres
2025-12-04 13:40:51,129 - INFO - Запуск приложения E-commerce
2025-12-04 13:40:51,166 - INFO - Успешное подключение к БД ecommerce на хосте postgres
2025-12-04 13:42:22,287 - INFO - Запуск приложения E-commerce
2025-12-04 13:42:22,303 - INFO - Успешное подключение к БД ecommerce на хосте postgres
2025-12-04 13:45:19,275 - INFO - SELECT запрос к таблице products: получено 6 строк
2025-12-04 13:46:37,567 - INFO - SELECT запрос к таблице products: получено 2 строк
2025-12-04 13:50:08,742 - INFO - INSERT в таблицу customers: добавлена строка с id=5
2025-12-04 13:52:42,027 - INFO - SELECT запрос к таблице customers: получено 5 строк
2025-12-04 13:54:01,686 - INFO - UPDATE таблицы products: обновлена запись id=1
2025-12-04 13:54:09,819 - INFO - SELECT запрос к таблице products: получено 6 строк
2025-12-04 13:55:36,562 - INFO - Подключение к БД закрыто
2025-12-05 17:56:10,155 - INFO - Запуск приложения E-commerce
2025-12-05 17:56:10,188 - INFO - Успешное подключение к БД ecommerce на хосте postgres
2025-12-05 17:56:29,822 - INFO - Запуск приложения E-commerce
2025-12-05 17:56:29,828 - INFO - Успешное подключение к БД ecommerce на хосте postgres
2025-12-05 17:56:48,104 - INFO - Приложение завершено пользователем
2025-12-05 17:56:48,104 - INFO - Подключение к БД закрыто
2025-12-05 17:56:50,238 - INFO - Запуск приложения E-commerce
2025-12-05 17:56:50,244 - INFO - Успешное подключение к БД ecommerce на хосте postgres
2025-12-05 17:57:41,269 - INFO - Приложение завершено пользователем
2025-12-05 17:57:41,273 - INFO - Подключение к БД закрыто
2025-12-05 17:58:34,916 - INFO - Запуск приложения E-commerce
2025-12-05 17:58:46,826 - INFO - Запуск приложения E-commerce
2025-12-05 17:58:53,380 - INFO - ✓ Успешное подключение к ecommerce@postgres:5432 (пользователь: app_user)
2025-12-05 17:59:07,805 - INFO - Приложение завершено пользователем
2025-12-05 17:59:07,807 - INFO - Подключение к БД закрыто
2025-12-05 18:01:15,544 - INFO - Запуск приложения E-commerce
2025-12-05 18:01:17,906 - INFO - ✓ Успешное подключение к ecommerce@postgres:5432 (пользователь: app_user)
2025-12-05 18:01:20,414 - INFO - Приложение завершено пользователем
2025-12-05 18:01:20,415 - INFO - Подключение к БД закрыто
2025-12-05 18:01:21,394 - INFO - Запуск приложения E-commerce
2025-12-05 18:01:23,615 - INFO - ✓ Успешное подключение к ecommerce@postgres:5432 (пользователь: app_user)
2025-12-05 18:01:26,879 - INFO - Приложение завершено пользователем
2025-12-05 18:01:26,882 - INFO - Подключение к БД закрыто
2025-12-05 18:01:28,074 - INFO - Запуск приложения E-commerce
2025-12-05 18:01:28,991 - INFO - ✓ Успешное подключение к ecommerce@postgres:5432 (пользователь: app_user)
2025-12-05 18:01:31,603 - INFO - Приложение завершено пользователем
2025-12-05 18:01:31,604 - INFO - Подключение к БД закрыто
2025-12-06 06:58:21,980 - INFO - Запуск приложения E-commerce
2025-12-06 06:58:39,792 - INFO - Запуск приложения E-commerce
2025-12-06 06:58:42,451 - INFO - ✓ Успешное подключение к ecommerce@postgres:5432 (пользователь: app_user)
2025-12-06 07:16:05,040 - INFO - Подключение к БД закрыто
2025-12-06 07:16:10,455 - INFO - Запуск приложения E-commerce
2025-12-06 07:16:13,160 - INFO - ✓ Успешное подключение к ecommerce@postgres:5432 (пользователь: app_user)
2025-12-06 07:16:45,144 - INFO - SELECT запрос к таблице customers: получено 5 строк
2025-12-06 07:17:41,120 - INFO - SELECT запрос к таблице products: получено 2 строк
2025-12-06 07:18:47,133 - INFO - INSERT в таблицу customers: добавлена строка с id=6
2025-12-06 07:18:55,091 - INFO - SELECT запрос к таблице customers: получено 6 строк
2025-12-06 07:19:51,671 - INFO - UPDATE таблицы products: обновлена запись id=2
2025-12-06 07:20:07,101 - INFO - SELECT запрос к таблице products: получено 6 строк
2025-12-06 07:20:21,071 - INFO - Приложение завершено пользователем
2025-12-06 07:20:21,072 - INFO - Подключение к БД закрыто
2025-12-06 07:20:23,510 - INFO - Запуск приложения E-commerce
2025-12-06 07:20:45,341 - INFO - ✓ Успешное подключение к ecommerce@postgres:5432 (пользователь: app_user)
2025-12-06 07:21:06,806 - INFO - Приложение завершено пользователем
2025-12-06 07:21:06,809 - INFO - Подключение к БД закрыто
2025-12-06 07:21:23,659 - INFO - Запуск приложения E-commerce
2025-12-06 07:21:25,591 - INFO - ✓ Успешное подключение к ecommerce@postgres:5432 (пользователь: app_user)
2025-12-06 07:22:42,936 - INFO - INSERT в таблицу orders: добавлена строка с id=4
2025-12-06 07:22:42,968 - INFO - INSERT в таблицу order_items: добавлена строка с id=6
2025-12-06 07:22:56,708 - INFO - SELECT запрос к таблице orders: получено 4 строк
2025-12-06 07:23:48,947 - INFO - SELECT запрос к таблице order_items: получено 6 строк
2025-12-06 07:24:05,690 - INFO - SELECT запрос к таблице orders: получено 4 строк
2025-12-06 07:24:15,723 - INFO - Приложение завершено пользователем
2025-12-06 07:24:15,725 - INFO - Подключение к БД закрыто
2025-12-06 07:24:17,536 - INFO - Запуск приложения E-commerce
2025-12-06 07:24:18,877 - INFO - ✓ Успешное подключение к ecommerce@postgres:5432 (пользователь: app_user)
2025-12-06 07:25:23,758 - INFO - SELECT запрос к таблице customers: получено 6 строк
2025-12-06 07:27:05,291 - INFO - UPDATE таблицы customers: обновлено 1 записей
2025-12-06 07:27:14,551 - INFO - SELECT запрос к таблице customers: получено 6 строк
2025-12-06 07:27:34,985 - INFO - Подключение к БД закрыто
